0 info it worked if it ends with ok
1 verbose cli [ 'C:\\Program Files\\nodejs\\\\node.exe',
1 verbose cli   'C:\\Program Files\\nodejs\\node_modules\\npm\\bin\\npm-cli.js',
1 verbose cli   'install',
1 verbose cli   'blueimp-fileupload-node',
1 verbose cli   '--save' ]
2 info using npm@1.4.28
3 info using node@v0.10.32
4 verbose node symlink C:\Program Files\nodejs\\node.exe
5 verbose readDependencies using package.json deps
6 verbose cache add [ 'blueimp-fileupload-node', null ]
7 verbose cache add name=undefined spec="blueimp-fileupload-node" args=["blueimp-fileupload-node",null]
8 verbose parsed url { protocol: null,
8 verbose parsed url   slashes: null,
8 verbose parsed url   auth: null,
8 verbose parsed url   host: null,
8 verbose parsed url   port: null,
8 verbose parsed url   hostname: null,
8 verbose parsed url   hash: null,
8 verbose parsed url   search: null,
8 verbose parsed url   query: null,
8 verbose parsed url   pathname: 'blueimp-fileupload-node',
8 verbose parsed url   path: 'blueimp-fileupload-node',
8 verbose parsed url   href: 'blueimp-fileupload-node' }
9 silly lockFile dad45217-blueimp-fileupload-node blueimp-fileupload-node
10 verbose lock blueimp-fileupload-node C:\Users\Peter\AppData\Roaming\npm-cache\dad45217-blueimp-fileupload-node.lock
11 silly lockFile dad45217-blueimp-fileupload-node blueimp-fileupload-node
12 silly lockFile dad45217-blueimp-fileupload-node blueimp-fileupload-node
13 verbose addNamed [ 'blueimp-fileupload-node', '' ]
14 verbose addNamed [ null, '*' ]
15 silly lockFile d7f669c5-blueimp-fileupload-node blueimp-fileupload-node@
16 verbose lock blueimp-fileupload-node@ C:\Users\Peter\AppData\Roaming\npm-cache\d7f669c5-blueimp-fileupload-node.lock
17 silly addNameRange { name: 'blueimp-fileupload-node', range: '*', hasData: false }
18 verbose request where is /blueimp-fileupload-node
19 verbose request registry https://registry.npmjs.org/
20 verbose request id a9438e307905036d
21 verbose url raw /blueimp-fileupload-node
22 verbose url resolving [ 'https://registry.npmjs.org/', './blueimp-fileupload-node' ]
23 verbose url resolved https://registry.npmjs.org/blueimp-fileupload-node
24 verbose request where is https://registry.npmjs.org/blueimp-fileupload-node
25 info trying registry request attempt 1 at 14:44:31
26 http GET https://registry.npmjs.org/blueimp-fileupload-node
27 http 404 https://registry.npmjs.org/blueimp-fileupload-node
28 verbose headers { date: 'Fri, 12 Dec 2014 06:44:57 GMT',
28 verbose headers   server: 'CouchDB/1.5.0 (Erlang OTP/R16B03)',
28 verbose headers   'content-type': 'application/json',
28 verbose headers   'cache-control': 'max-age=0',
28 verbose headers   'content-length': '52',
28 verbose headers   'accept-ranges': 'bytes',
28 verbose headers   via: '1.1 varnish',
28 verbose headers   age: '0',
28 verbose headers   'x-served-by': 'cache-hk92-HKG',
28 verbose headers   'x-cache': 'MISS',
28 verbose headers   'x-cache-hits': '0',
28 verbose headers   'x-timer': 'S1418366696.467331,VS0,VE1005',
28 verbose headers   'keep-alive': 'timeout=10, max=50',
28 verbose headers   connection: 'Keep-Alive' }
29 silly registry.get cb [ 404,
29 silly registry.get   { date: 'Fri, 12 Dec 2014 06:44:57 GMT',
29 silly registry.get     server: 'CouchDB/1.5.0 (Erlang OTP/R16B03)',
29 silly registry.get     'content-type': 'application/json',
29 silly registry.get     'cache-control': 'max-age=0',
29 silly registry.get     'content-length': '52',
29 silly registry.get     'accept-ranges': 'bytes',
29 silly registry.get     via: '1.1 varnish',
29 silly registry.get     age: '0',
29 silly registry.get     'x-served-by': 'cache-hk92-HKG',
29 silly registry.get     'x-cache': 'MISS',
29 silly registry.get     'x-cache-hits': '0',
29 silly registry.get     'x-timer': 'S1418366696.467331,VS0,VE1005',
29 silly registry.get     'keep-alive': 'timeout=10, max=50',
29 silly registry.get     connection: 'Keep-Alive' } ]
30 silly lockFile d7f669c5-blueimp-fileupload-node blueimp-fileupload-node@
31 silly lockFile d7f669c5-blueimp-fileupload-node blueimp-fileupload-node@
32 error 404 404 Not Found: blueimp-fileupload-node
32 error 404
32 error 404 'blueimp-fileupload-node' is not in the npm registry.
32 error 404 You should bug the author to publish it
32 error 404 It was specified as a dependency of 'YSESCentral'
32 error 404
32 error 404 Note that you can also install from a
32 error 404 tarball, folder, or http url, or git url.
33 error System Windows_NT 6.2.9200
34 error command "C:\\Program Files\\nodejs\\\\node.exe" "C:\\Program Files\\nodejs\\node_modules\\npm\\bin\\npm-cli.js" "install" "blueimp-fileupload-node" "--save"
35 error cwd C:\Users\Peter\My Documents\github\YSES-Central
36 error node -v v0.10.32
37 error npm -v 1.4.28
38 error code E404
39 verbose exit [ 1, true ]
